<?xml version="1.0" encoding="UTF-8"?>
<coverage generated="1602678942">
  <project timestamp="1602678942">
    <file name="C:\laragon\www\ummuzayn\app\Console\Kernel.php">
      <class name="App\Console\Kernel" namespace="global">
        <metrics complexity="2" methods="2" coveredmethods="1" conditionals="0" coveredconditionals="0" statements="4" coveredstatements="3" elements="6" coveredelements="4"/>
      </class>
      <line num="25" type="method" name="schedule" visibility="protected" complexity="1" crap="2" count="0"/>
      <line num="29" type="stmt" count="0"/>
      <line num="36" type="method" name="commands" visibility="protected" complexity="1" crap="1" count="1"/>
      <line num="38" type="stmt" count="1"/>
      <line num="40" type="stmt" count="1"/>
      <line num="41" type="stmt" count="1"/>
      <metrics loc="42" ncloc="26" classes="1" methods="2" coveredmethods="1" conditionals="0" coveredconditionals="0" statements="4" coveredstatements="3" elements="6" coveredelements="4"/>
    </file>
    <file name="C:\laragon\www\ummuzayn\app\Events\Region\UpdateRegionCity.php">
      <class name="App\Events\Region\UpdateRegionCity" namespace="global">
        <metrics complexity="2" methods="2" coveredmethods="0" conditionals="0" coveredconditionals="0" statements="2" coveredstatements="0" elements="4" coveredelements="0"/>
      </class>
      <line num="17" type="method" name="broadcastAs" visibility="public" complexity="1" crap="2" count="0"/>
      <line num="19" type="stmt" count="0"/>
      <line num="27" type="method" name="broadcastOn" visibility="public" complexity="1" crap="2" count="0"/>
      <line num="29" type="stmt" count="0"/>
      <metrics loc="31" ncloc="26" classes="1" methods="2" coveredmethods="0" conditionals="0" coveredconditionals="0" statements="2" coveredstatements="0" elements="4" coveredelements="0"/>
    </file>
    <file name="C:\laragon\www\ummuzayn\app\Events\Region\UpdateRegionProvince.php">
      <class name="App\Events\Region\UpdateRegionProvince" namespace="global">
        <metrics complexity="2" methods="2" coveredmethods="0" conditionals="0" coveredconditionals="0" statements="2" coveredstatements="0" elements="4" coveredelements="0"/>
      </class>
      <line num="17" type="method" name="broadcastAs" visibility="public" complexity="1" crap="2" count="0"/>
      <line num="19" type="stmt" count="0"/>
      <line num="27" type="method" name="broadcastOn" visibility="public" complexity="1" crap="2" count="0"/>
      <line num="29" type="stmt" count="0"/>
      <metrics loc="31" ncloc="26" classes="1" methods="2" coveredmethods="0" conditionals="0" coveredconditionals="0" statements="2" coveredstatements="0" elements="4" coveredelements="0"/>
    </file>
    <file name="C:\laragon\www\ummuzayn\app\Events\Region\UpdateRegionSubdistrict.php">
      <class name="App\Events\Region\UpdateRegionSubdistrict" namespace="global">
        <metrics complexity="2" methods="2" coveredmethods="0" conditionals="0" coveredconditionals="0" statements="2" coveredstatements="0" elements="4" coveredelements="0"/>
      </class>
      <line num="17" type="method" name="broadcastAs" visibility="public" complexity="1" crap="2" count="0"/>
      <line num="19" type="stmt" count="0"/>
      <line num="27" type="method" name="broadcastOn" visibility="public" complexity="1" crap="2" count="0"/>
      <line num="29" type="stmt" count="0"/>
      <metrics loc="31" ncloc="26" classes="1" methods="2" coveredmethods="0" conditionals="0" coveredconditionals="0" statements="2" coveredstatements="0" elements="4" coveredelements="0"/>
    </file>
    <file name="C:\laragon\www\ummuzayn\app\Exceptions\Handler.php">
      <class name="App\Exceptions\Handler" namespace="global">
        <metrics complexity="10" methods="2" coveredmethods="0" conditionals="0" coveredconditionals="0" statements="23" coveredstatements="0" elements="25" coveredelements="0"/>
      </class>
      <line num="43" type="method" name="report" visibility="public" complexity="1" crap="2" count="0"/>
      <line num="45" type="stmt" count="0"/>
      <line num="46" type="stmt" count="0"/>
      <line num="57" type="method" name="render" visibility="public" complexity="9" crap="90" count="0"/>
      <line num="59" type="stmt" count="0"/>
      <line num="61" type="stmt" count="0"/>
      <line num="62" type="stmt" count="0"/>
      <line num="63" type="stmt" count="0"/>
      <line num="64" type="stmt" count="0"/>
      <line num="65" type="stmt" count="0"/>
      <line num="67" type="stmt" count="0"/>
      <line num="68" type="stmt" count="0"/>
      <line num="69" type="stmt" count="0"/>
      <line num="70" type="stmt" count="0"/>
      <line num="73" type="stmt" count="0"/>
      <line num="74" type="stmt" count="0"/>
      <line num="77" type="stmt" count="0"/>
      <line num="78" type="stmt" count="0"/>
      <line num="79" type="stmt" count="0"/>
      <line num="80" type="stmt" count="0"/>
      <line num="81" type="stmt" count="0"/>
      <line num="85" type="stmt" count="0"/>
      <line num="88" type="stmt" count="0"/>
      <line num="89" type="stmt" count="0"/>
      <line num="92" type="stmt" count="0"/>
      <metrics loc="97" ncloc="70" classes="1" methods="2" coveredmethods="0" conditionals="0" coveredconditionals="0" statements="23" coveredstatements="0" elements="25" coveredelements="0"/>
    </file>
    <file name="C:\laragon\www\ummuzayn\app\Http\Controllers\API\Auth\AuthController.php">
      <class name="App\Http\Controllers\API\Auth\AuthController" namespace="global">
        <metrics complexity="4" methods="3" coveredmethods="0" conditionals="0" coveredconditionals="0" statements="16" coveredstatements="0" elements="19" coveredelements="0"/>
      </class>
      <line num="22" type="method" name="login" visibility="public" complexity="2" crap="6" count="0"/>
      <line num="24" type="stmt" count="0"/>
      <line num="25" type="stmt" count="0"/>
      <line num="27" type="stmt" count="0"/>
      <line num="29" type="stmt" count="0"/>
      <line num="32" type="stmt" count="0"/>
      <line num="33" type="stmt" count="0"/>
      <line num="35" type="stmt" count="0"/>
      <line num="46" type="method" name="register" visibility="public" complexity="1" crap="2" count="0"/>
      <line num="48" type="stmt" count="0"/>
      <line num="49" type="stmt" count="0"/>
      <line num="50" type="stmt" count="0"/>
      <line num="51" type="stmt" count="0"/>
      <line num="62" type="method" name="update" visibility="public" complexity="1" crap="2" count="0"/>
      <line num="64" type="stmt" count="0"/>
      <line num="65" type="stmt" count="0"/>
      <line num="68" type="stmt" count="0"/>
      <line num="69" type="stmt" count="0"/>
      <line num="70" type="stmt" count="0"/>
      <metrics loc="72" ncloc="54" classes="1" methods="3" coveredmethods="0" conditionals="0" coveredconditionals="0" statements="16" coveredstatements="0" elements="19" coveredelements="0"/>
    </file>
    <file name="C:\laragon\www\ummuzayn\app\Http\Controllers\API\Auth\CustomerAuthController.php">
      <class name="App\Http\Controllers\API\Auth\CustomerAuthController" namespace="global">
        <metrics complexity="9" methods="6" coveredmethods="0" conditionals="0" coveredconditionals="0" statements="41" coveredstatements="0" elements="47" coveredelements="0"/>
      </class>
      <line num="26" type="method" name="login" visibility="public" complexity="2" crap="6" count="0"/>
      <line num="28" type="stmt" count="0"/>
      <line num="29" type="stmt" count="0"/>
      <line num="31" type="stmt" count="0"/>
      <line num="33" type="stmt" count="0"/>
      <line num="36" type="stmt" count="0"/>
      <line num="37" type="stmt" count="0"/>
      <line num="39" type="stmt" count="0"/>
      <line num="49" type="method" name="register" visibility="public" complexity="1" crap="2" count="0"/>
      <line num="51" type="stmt" count="0"/>
      <line num="52" type="stmt" count="0"/>
      <line num="53" type="stmt" count="0"/>
      <line num="54" type="stmt" count="0"/>
      <line num="55" type="stmt" count="0"/>
      <line num="56" type="stmt" count="0"/>
      <line num="65" type="method" name="forgot" visibility="public" complexity="2" crap="6" count="0"/>
      <line num="70" type="stmt" count="0"/>
      <line num="71" type="stmt" count="0"/>
      <line num="74" type="stmt" count="0"/>
      <line num="76" type="stmt" count="0"/>
      <line num="77" type="stmt" count="0"/>
      <line num="78" type="stmt" count="0"/>
      <line num="79" type="stmt" count="0"/>
      <line num="87" type="method" name="broker" visibility="public" complexity="1" crap="2" count="0"/>
      <line num="89" type="stmt" count="0"/>
      <line num="98" type="method" name="reset" visibility="public" complexity="2" crap="6" count="0"/>
      <line num="100" type="stmt" count="0"/>
      <line num="101" type="stmt" count="0"/>
      <line num="102" type="stmt" count="0"/>
      <line num="103" type="stmt" count="0"/>
      <line num="104" type="stmt" count="0"/>
      <line num="105" type="stmt" count="0"/>
      <line num="107" type="stmt" count="0"/>
      <line num="109" type="stmt" count="0"/>
      <line num="110" type="stmt" count="0"/>
      <line num="113" type="stmt" count="0"/>
      <line num="115" type="stmt" count="0"/>
      <line num="116" type="stmt" count="0"/>
      <line num="117" type="stmt" count="0"/>
      <line num="118" type="stmt" count="0"/>
      <line num="128" type="method" name="update" visibility="public" complexity="1" crap="2" count="0"/>
      <line num="130" type="stmt" count="0"/>
      <line num="131" type="stmt" count="0"/>
      <line num="134" type="stmt" count="0"/>
      <line num="135" type="stmt" count="0"/>
      <line num="136" type="stmt" count="0"/>
      <line num="138" type="stmt" count="0"/>
      <metrics loc="140" ncloc="107" classes="1" methods="6" coveredmethods="0" conditionals="0" coveredconditionals="0" statements="41" coveredstatements="0" elements="47" coveredelements="0"/>
    </file>
    <file name="C:\laragon\www\ummuzayn\app\Http\Controllers\API\CityController.php">
      <class name="App\Http\Controllers\API\CityController" namespace="global">
        <metrics complexity="8" methods="6" coveredmethods="0" conditionals="0" coveredconditionals="0" statements="30" coveredstatements="0" elements="36" coveredelements="0"/>
      </class>
      <line num="19" type="method" name="scopes" visibility="protected" complexity="1" crap="2" count="0"/>
      <line num="22" type="stmt" count="0"/>
      <line num="31" type="method" name="index" visibility="public" complexity="3" crap="12" count="0"/>
      <line num="33" type="stmt" count="0"/>
      <line num="34" type="stmt" count="0"/>
      <line num="35" type="stmt" count="0"/>
      <line num="38" type="stmt" count="0"/>
      <line num="39" type="stmt" count="0"/>
      <line num="40" type="stmt" count="0"/>
      <line num="41" type="stmt" count="0"/>
      <line num="44" type="stmt" count="0"/>
      <line num="47" type="stmt" count="0"/>
      <line num="49" type="stmt" count="0"/>
      <line num="58" type="method" name="store" visibility="public" complexity="1" crap="2" count="0"/>
      <line num="60" type="stmt" count="0"/>
      <line num="61" type="stmt" count="0"/>
      <line num="62" type="stmt" count="0"/>
      <line num="68" type="stmt" count="0"/>
      <line num="70" type="stmt" count="0"/>
      <line num="79" type="method" name="show" visibility="public" complexity="1" crap="2" count="0"/>
      <line num="81" type="stmt" count="0"/>
      <line num="91" type="method" name="update" visibility="public" complexity="1" crap="2" count="0"/>
      <line num="93" type="stmt" count="0"/>
      <line num="94" type="stmt" count="0"/>
      <line num="97" type="stmt" count="0"/>
      <line num="99" type="stmt" count="0"/>
      <line num="100" type="stmt" count="0"/>
      <line num="101" type="stmt" count="0"/>
      <line num="103" type="stmt" count="0"/>
      <line num="112" type="method" name="destroy" visibility="public" complexity="1" crap="2" count="0"/>
      <line num="114" type="stmt" count="0"/>
      <line num="116" type="stmt" count="0"/>
      <line num="118" type="stmt" count="0"/>
      <line num="119" type="stmt" count="0"/>
      <line num="120" type="stmt" count="0"/>
      <line num="122" type="stmt" count="0"/>
      <metrics loc="124" ncloc="89" classes="1" methods="6" coveredmethods="0" conditionals="0" coveredconditionals="0" statements="30" coveredstatements="0" elements="36" coveredelements="0"/>
    </file>
    <file name="C:\laragon\www\ummuzayn\app\Http\Controllers\API\CustomerAddressController.php">
      <class name="App\Http\Controllers\API\CustomerAddressController" namespace="global">
        <metrics complexity="8" methods="6" coveredmethods="0" conditionals="0" coveredconditionals="0" statements="26" coveredstatements="0" elements="32" coveredelements="0"/>
      </class>
      <line num="18" type="method" name="scopes" visibility="protected" complexity="1" crap="2" count="0"/>
      <line num="22" type="stmt" count="0"/>
      <line num="30" type="method" name="index" visibility="public" complexity="3" crap="12" count="0"/>
      <line num="32" type="stmt" count="0"/>
      <line num="33" type="stmt" count="0"/>
      <line num="34" type="stmt" count="0"/>
      <line num="37" type="stmt" count="0"/>
      <line num="38" type="stmt" count="0"/>
      <line num="39" type="stmt" count="0"/>
      <line num="40" type="stmt" count="0"/>
      <line num="43" type="stmt" count="0"/>
      <line num="46" type="stmt" count="0"/>
      <line num="55" type="method" name="store" visibility="public" complexity="1" crap="2" count="0"/>
      <line num="57" type="stmt" count="0"/>
      <line num="58" type="stmt" count="0"/>
      <line num="59" type="stmt" count="0"/>
      <line num="68" type="stmt" count="0"/>
      <line num="77" type="method" name="show" visibility="public" complexity="1" crap="2" count="0"/>
      <line num="79" type="stmt" count="0"/>
      <line num="89" type="method" name="update" visibility="public" complexity="1" crap="2" count="0"/>
      <line num="91" type="stmt" count="0"/>
      <line num="92" type="stmt" count="0"/>
      <line num="95" type="stmt" count="0"/>
      <line num="96" type="stmt" count="0"/>
      <line num="97" type="stmt" count="0"/>
      <line num="99" type="stmt" count="0"/>
      <line num="108" type="method" name="destroy" visibility="public" complexity="1" crap="2" count="0"/>
      <line num="110" type="stmt" count="0"/>
      <line num="112" type="stmt" count="0"/>
      <line num="113" type="stmt" count="0"/>
      <line num="114" type="stmt" count="0"/>
      <line num="116" type="stmt" count="0"/>
      <metrics loc="118" ncloc="83" classes="1" methods="6" coveredmethods="0" conditionals="0" coveredconditionals="0" statements="26" coveredstatements="0" elements="32" coveredelements="0"/>
    </file>
    <file name="C:\laragon\www\ummuzayn\app\Http\Controllers\API\CustomerController.php">
      <class name="App\Http\Controllers\API\CustomerController" namespace="global">
        <metrics complexity="8" methods="6" coveredmethods="0" conditionals="0" coveredconditionals="0" statements="29" coveredstatements="0" elements="35" coveredelements="0"/>
      </class>
      <line num="18" type="method" name="scopes" visibility="protected" complexity="1" crap="2" count="0"/>
      <line num="22" type="stmt" count="0"/>
      <line num="30" type="method" name="index" visibility="public" complexity="3" crap="12" count="0"/>
      <line num="32" type="stmt" count="0"/>
      <line num="33" type="stmt" count="0"/>
      <line num="34" type="stmt" count="0"/>
      <line num="37" type="stmt" count="0"/>
      <line num="38" type="stmt" count="0"/>
      <line num="39" type="stmt" count="0"/>
      <line num="40" type="stmt" count="0"/>
      <line num="43" type="stmt" count="0"/>
      <line num="46" type="stmt" count="0"/>
      <line num="48" type="stmt" count="0"/>
      <line num="57" type="method" name="store" visibility="public" complexity="1" crap="2" count="0"/>
      <line num="59" type="stmt" count="0"/>
      <line num="60" type="stmt" count="0"/>
      <line num="61" type="stmt" count="0"/>
      <line num="66" type="stmt" count="0"/>
      <line num="70" type="stmt" count="0"/>
      <line num="79" type="method" name="show" visibility="public" complexity="1" crap="2" count="0"/>
      <line num="81" type="stmt" count="0"/>
      <line num="82" type="stmt" count="0"/>
      <line num="92" type="method" name="update" visibility="public" complexity="1" crap="2" count="0"/>
      <line num="94" type="stmt" count="0"/>
      <line num="95" type="stmt" count="0"/>
      <line num="98" type="stmt" count="0"/>
      <line num="99" type="stmt" count="0"/>
      <line num="100" type="stmt" count="0"/>
      <line num="102" type="stmt" count="0"/>
      <line num="111" type="method" name="destroy" visibility="public" complexity="1" crap="2" count="0"/>
      <line num="113" type="stmt" count="0"/>
      <line num="115" type="stmt" count="0"/>
      <line num="116" type="stmt" count="0"/>
      <line num="117" type="stmt" count="0"/>
      <line num="119" type="stmt" count="0"/>
      <metrics loc="121" ncloc="86" classes="1" methods="6" coveredmethods="0" conditionals="0" coveredconditionals="0" statements="29" coveredstatements="0" elements="35" coveredelements="0"/>
    </file>
    <file name="C:\laragon\www\ummuzayn\app\Http\Controllers\API\CustomerTypeController.php">
      <class name="App\Http\Controllers\API\CustomerTypeController" namespace="global">
        <metrics complexity="8" methods="6" coveredmethods="0" conditionals="0" coveredconditionals="0" statements="26" coveredstatements="0" elements="32" coveredelements="0"/>
      </class>
      <line num="20" type="method" name="scopes" visibility="protected" complexity="1" crap="2" count="0"/>
      <line num="23" type="stmt" count="0"/>
      <line num="32" type="method" name="index" visibility="public" complexity="3" crap="12" count="0"/>
      <line num="34" type="stmt" count="0"/>
      <line num="35" type="stmt" count="0"/>
      <line num="36" type="stmt" count="0"/>
      <line num="39" type="stmt" count="0"/>
      <line num="40" type="stmt" count="0"/>
      <line num="41" type="stmt" count="0"/>
      <line num="42" type="stmt" count="0"/>
      <line num="45" type="stmt" count="0"/>
      <line num="48" type="stmt" count="0"/>
      <line num="57" type="method" name="store" visibility="public" complexity="1" crap="2" count="0"/>
      <line num="59" type="stmt" count="0"/>
      <line num="60" type="stmt" count="0"/>
      <line num="61" type="stmt" count="0"/>
      <line num="66" type="stmt" count="0"/>
      <line num="75" type="method" name="show" visibility="public" complexity="1" crap="2" count="0"/>
      <line num="77" type="stmt" count="0"/>
      <line num="87" type="method" name="update" visibility="public" complexity="1" crap="2" count="0"/>
      <line num="89" type="stmt" count="0"/>
      <line num="90" type="stmt" count="0"/>
      <line num="93" type="stmt" count="0"/>
      <line num="94" type="stmt" count="0"/>
      <line num="95" type="stmt" count="0"/>
      <line num="97" type="stmt" count="0"/>
      <line num="106" type="method" name="destroy" visibility="public" complexity="1" crap="2" count="0"/>
      <line num="108" type="stmt" count="0"/>
      <line num="110" type="stmt" count="0"/>
      <line num="111" type="stmt" count="0"/>
      <line num="112" type="stmt" count="0"/>
      <line num="114" type="stmt" count="0"/>
      <metrics loc="116" ncloc="81" classes="1" methods="6" coveredmethods="0" conditionals="0" coveredconditionals="0" statements="26" coveredstatements="0" elements="32" coveredelements="0"/>
    </file>
    <file name="C:\laragon\www\ummuzayn\app\Http\Controllers\API\ProductCategoryController.php">
      <class name="App\Http\Controllers\API\ProductCategoryController" namespace="global">
        <metrics complexity="10" methods="6" coveredmethods="0" conditionals="0" coveredconditionals="0" statements="34" coveredstatements="0" elements="40" coveredelements="0"/>
      </class>
      <line num="21" type="method" name="scopes" visibility="protected" complexity="1" crap="2" count="0"/>
      <line num="24" type="stmt" count="0"/>
      <line num="33" type="method" name="index" visibility="public" complexity="4" crap="20" count="0"/>
      <line num="35" type="stmt" count="0"/>
      <line num="36" type="stmt" count="0"/>
      <line num="37" type="stmt" count="0"/>
      <line num="40" type="stmt" count="0"/>
      <line num="41" type="stmt" count="0"/>
      <line num="42" type="stmt" count="0"/>
      <line num="43" type="stmt" count="0"/>
      <line num="46" type="stmt" count="0"/>
      <line num="49" type="stmt" count="0"/>
      <line num="50" type="stmt" count="0"/>
      <line num="54" type="stmt" count="0"/>
      <line num="63" type="method" name="store" visibility="public" complexity="1" crap="2" count="0"/>
      <line num="65" type="stmt" count="0"/>
      <line num="66" type="stmt" count="0"/>
      <line num="67" type="stmt" count="0"/>
      <line num="73" type="stmt" count="0"/>
      <line num="82" type="method" name="show" visibility="public" complexity="1" crap="2" count="0"/>
      <line num="84" type="stmt" count="0"/>
      <line num="85" type="stmt" count="0"/>
      <line num="95" type="method" name="update" visibility="public" complexity="1" crap="2" count="0"/>
      <line num="97" type="stmt" count="0"/>
      <line num="98" type="stmt" count="0"/>
      <line num="101" type="stmt" count="0"/>
      <line num="102" type="stmt" count="0"/>
      <line num="103" type="stmt" count="0"/>
      <line num="105" type="stmt" count="0"/>
      <line num="114" type="method" name="destroy" visibility="public" complexity="2" crap="6" count="0"/>
      <line num="116" type="stmt" count="0"/>
      <line num="117" type="stmt" count="0"/>
      <line num="118" type="stmt" count="0"/>
      <line num="119" type="stmt" count="0"/>
      <line num="121" type="stmt" count="0"/>
      <line num="124" type="stmt" count="0"/>
      <line num="125" type="stmt" count="0"/>
      <line num="126" type="stmt" count="0"/>
      <line num="127" type="stmt" count="0"/>
      <line num="129" type="stmt" count="0"/>
      <metrics loc="131" ncloc="96" classes="1" methods="6" coveredmethods="0" conditionals="0" coveredconditionals="0" statements="34" coveredstatements="0" elements="40" coveredelements="0"/>
    </file>
    <file name="C:\laragon\www\ummuzayn\app\Http\Controllers\API\ProductController.php">
      <class name="App\Http\Controllers\API\ProductController" namespace="global">
        <metrics complexity="8" methods="6" coveredmethods="1" conditionals="0" coveredconditionals="0" statements="16" coveredstatements="9" elements="22" coveredelements="10"/>
      </class>
      <line num="18" type="method" name="scopes" visibility="protected" complexity="1" crap="1" count="1"/>
      <line num="21" type="stmt" count="1"/>
      <line num="30" type="method" name="index" visibility="public" complexity="3" crap="3.18" count="1"/>
      <line num="32" type="stmt" count="1"/>
      <line num="33" type="stmt" count="1"/>
      <line num="34" type="stmt" count="1"/>
      <line num="37" type="stmt" count="1"/>
      <line num="38" type="stmt" count="0"/>
      <line num="39" type="stmt" count="0"/>
      <line num="40" type="stmt" count="0"/>
      <line num="43" type="stmt" count="1"/>
      <line num="46" type="stmt" count="1"/>
      <line num="47" type="stmt" count="1"/>
      <line num="53" type="stmt" count="1"/>
      <line num="62" type="method" name="store" visibility="public" complexity="1" crap="2" count="0"/>
      <line num="65" type="stmt" count="0"/>
      <line num="73" type="method" name="show" visibility="public" complexity="1" crap="2" count="0"/>
      <line num="75" type="stmt" count="0"/>
      <line num="85" type="method" name="update" visibility="public" complexity="1" crap="2" count="0"/>
      <line num="88" type="stmt" count="0"/>
      <line num="96" type="method" name="destroy" visibility="public" complexity="1" crap="2" count="0"/>
      <line num="99" type="stmt" count="0"/>
      <metrics loc="100" ncloc="65" classes="1" methods="6" coveredmethods="1" conditionals="0" coveredconditionals="0" statements="16" coveredstatements="9" elements="22" coveredelements="10"/>
    </file>
    <file name="C:\laragon\www\ummuzayn\app\Http\Controllers\API\ProductImageController.php">
      <class name="App\Http\Controllers\API\ProductImageController" namespace="global">
        <metrics complexity="8" methods="6" coveredmethods="0" conditionals="0" coveredconditionals="0" statements="26" coveredstatements="0" elements="32" coveredelements="0"/>
      </class>
      <line num="20" type="method" name="scopes" visibility="protected" complexity="1" crap="2" count="0"/>
      <line num="23" type="stmt" count="0"/>
      <line num="32" type="method" name="index" visibility="public" complexity="3" crap="12" count="0"/>
      <line num="34" type="stmt" count="0"/>
      <line num="35" type="stmt" count="0"/>
      <line num="36" type="stmt" count="0"/>
      <line num="39" type="stmt" count="0"/>
      <line num="40" type="stmt" count="0"/>
      <line num="41" type="stmt" count="0"/>
      <line num="42" type="stmt" count="0"/>
      <line num="45" type="stmt" count="0"/>
      <line num="48" type="stmt" count="0"/>
      <line num="57" type="method" name="store" visibility="public" complexity="1" crap="2" count="0"/>
      <line num="59" type="stmt" count="0"/>
      <line num="60" type="stmt" count="0"/>
      <line num="61" type="stmt" count="0"/>
      <line num="68" type="stmt" count="0"/>
      <line num="77" type="method" name="show" visibility="public" complexity="1" crap="2" count="0"/>
      <line num="79" type="stmt" count="0"/>
      <line num="89" type="method" name="update" visibility="public" complexity="1" crap="2" count="0"/>
      <line num="91" type="stmt" count="0"/>
      <line num="92" type="stmt" count="0"/>
      <line num="95" type="stmt" count="0"/>
      <line num="96" type="stmt" count="0"/>
      <line num="97" type="stmt" count="0"/>
      <line num="99" type="stmt" count="0"/>
      <line num="108" type="method" name="destroy" visibility="public" complexity="1" crap="2" count="0"/>
      <line num="110" type="stmt" count="0"/>
      <line num="112" type="stmt" count="0"/>
      <line num="113" type="stmt" count="0"/>
      <line num="114" type="stmt" count="0"/>
      <line num="116" type="stmt" count="0"/>
      <metrics loc="118" ncloc="83" classes="1" methods="6" coveredmethods="0" conditionals="0" coveredconditionals="0" statements="26" coveredstatements="0" elements="32" coveredelements="0"/>
    </file>
    <file name="C:\laragon\www\ummuzayn\app\Http\Controllers\API\ProductStatusController.php">
      <class name="App\Http\Controllers\API\ProductStatusController" namespace="global">
        <metrics complexity="9" methods="6" coveredmethods="0" conditionals="0" coveredconditionals="0" statements="31" coveredstatements="0" elements="37" coveredelements="0"/>
      </class>
      <line num="19" type="method" name="scopes" visibility="protected" complexity="1" crap="2" count="0"/>
      <line num="21" type="stmt" count="0"/>
      <line num="29" type="method" name="index" visibility="public" complexity="3" crap="12" count="0"/>
      <line num="31" type="stmt" count="0"/>
      <line num="32" type="stmt" count="0"/>
      <line num="33" type="stmt" count="0"/>
      <line num="36" type="stmt" count="0"/>
      <line num="37" type="stmt" count="0"/>
      <line num="38" type="stmt" count="0"/>
      <line num="39" type="stmt" count="0"/>
      <line num="42" type="stmt" count="0"/>
      <line num="45" type="stmt" count="0"/>
      <line num="54" type="method" name="store" visibility="public" complexity="1" crap="2" count="0"/>
      <line num="56" type="stmt" count="0"/>
      <line num="57" type="stmt" count="0"/>
      <line num="58" type="stmt" count="0"/>
      <line num="63" type="stmt" count="0"/>
      <line num="72" type="method" name="show" visibility="public" complexity="1" crap="2" count="0"/>
      <line num="74" type="stmt" count="0"/>
      <line num="84" type="method" name="update" visibility="public" complexity="1" crap="2" count="0"/>
      <line num="87" type="stmt" count="0"/>
      <line num="88" type="stmt" count="0"/>
      <line num="91" type="stmt" count="0"/>
      <line num="92" type="stmt" count="0"/>
      <line num="93" type="stmt" count="0"/>
      <line num="95" type="stmt" count="0"/>
      <line num="104" type="method" name="destroy" visibility="public" complexity="2" crap="6" count="0"/>
      <line num="106" type="stmt" count="0"/>
      <line num="107" type="stmt" count="0"/>
      <line num="108" type="stmt" count="0"/>
      <line num="109" type="stmt" count="0"/>
      <line num="111" type="stmt" count="0"/>
      <line num="114" type="stmt" count="0"/>
      <line num="115" type="stmt" count="0"/>
      <line num="116" type="stmt" count="0"/>
      <line num="117" type="stmt" count="0"/>
      <line num="119" type="stmt" count="0"/>
      <metrics loc="121" ncloc="86" classes="1" methods="6" coveredmethods="0" conditionals="0" coveredconditionals="0" statements="31" coveredstatements="0" elements="37" coveredelements="0"/>
    </file>
    <file name="C:\laragon\www\ummuzayn\app\Http\Controllers\API\ProductStockController.php">
      <class name="App\Http\Controllers\API\ProductStockController" namespace="global">
        <metrics complexity="7" methods="5" coveredmethods="0" conditionals="0" coveredconditionals="0" statements="23" coveredstatements="0" elements="28" coveredelements="0"/>
      </class>
      <line num="17" type="method" name="index" visibility="public" complexity="3" crap="12" count="0"/>
      <line num="19" type="stmt" count="0"/>
      <line num="21" type="stmt" count="0"/>
      <line num="22" type="stmt" count="0"/>
      <line num="23" type="stmt" count="0"/>
      <line num="24" type="stmt" count="0"/>
      <line num="27" type="stmt" count="0"/>
      <line num="30" type="stmt" count="0"/>
      <line num="39" type="method" name="store" visibility="public" complexity="1" crap="2" count="0"/>
      <line num="41" type="stmt" count="0"/>
      <line num="42" type="stmt" count="0"/>
      <line num="43" type="stmt" count="0"/>
      <line num="49" type="stmt" count="0"/>
      <line num="58" type="method" name="show" visibility="public" complexity="1" crap="2" count="0"/>
      <line num="60" type="stmt" count="0"/>
      <line num="70" type="method" name="update" visibility="public" complexity="1" crap="2" count="0"/>
      <line num="72" type="stmt" count="0"/>
      <line num="73" type="stmt" count="0"/>
      <line num="76" type="stmt" count="0"/>
      <line num="77" type="stmt" count="0"/>
      <line num="78" type="stmt" count="0"/>
      <line num="80" type="stmt" count="0"/>
      <line num="89" type="method" name="destroy" visibility="public" complexity="1" crap="2" count="0"/>
      <line num="91" type="stmt" count="0"/>
      <line num="93" type="stmt" count="0"/>
      <line num="94" type="stmt" count="0"/>
      <line num="95" type="stmt" count="0"/>
      <line num="97" type="stmt" count="0"/>
      <metrics loc="99" ncloc="69" classes="1" methods="5" coveredmethods="0" conditionals="0" coveredconditionals="0" statements="23" coveredstatements="0" elements="28" coveredelements="0"/>
    </file>
    <file name="C:\laragon\www\ummuzayn\app\Http\Controllers\API\ProductVariationController.php">
      <class name="App\Http\Controllers\API\ProductVariationController" namespace="global">
        <metrics complexity="8" methods="6" coveredmethods="0" conditionals="0" coveredconditionals="0" statements="26" coveredstatements="0" elements="32" coveredelements="0"/>
      </class>
      <line num="17" type="method" name="scopes" visibility="protected" complexity="1" crap="2" count="0"/>
      <line num="19" type="stmt" count="0"/>
      <line num="27" type="method" name="index" visibility="public" complexity="3" crap="12" count="0"/>
      <line num="29" type="stmt" count="0"/>
      <line num="30" type="stmt" count="0"/>
      <line num="31" type="stmt" count="0"/>
      <line num="34" type="stmt" count="0"/>
      <line num="35" type="stmt" count="0"/>
      <line num="36" type="stmt" count="0"/>
      <line num="37" type="stmt" count="0"/>
      <line num="40" type="stmt" count="0"/>
      <line num="43" type="stmt" count="0"/>
      <line num="52" type="method" name="store" visibility="public" complexity="1" crap="2" count="0"/>
      <line num="54" type="stmt" count="0"/>
      <line num="55" type="stmt" count="0"/>
      <line num="56" type="stmt" count="0"/>
      <line num="65" type="stmt" count="0"/>
      <line num="74" type="method" name="show" visibility="public" complexity="1" crap="2" count="0"/>
      <line num="76" type="stmt" count="0"/>
      <line num="86" type="method" name="update" visibility="public" complexity="1" crap="2" count="0"/>
      <line num="88" type="stmt" count="0"/>
      <line num="89" type="stmt" count="0"/>
      <line num="92" type="stmt" count="0"/>
      <line num="93" type="stmt" count="0"/>
      <line num="94" type="stmt" count="0"/>
      <line num="96" type="stmt" count="0"/>
      <line num="105" type="method" name="destroy" visibility="public" complexity="1" crap="2" count="0"/>
      <line num="107" type="stmt" count="0"/>
      <line num="109" type="stmt" count="0"/>
      <line num="110" type="stmt" count="0"/>
      <line num="111" type="stmt" count="0"/>
      <line num="113" type="stmt" count="0"/>
      <metrics loc="115" ncloc="80" classes="1" methods="6" coveredmethods="0" conditionals="0" coveredconditionals="0" statements="26" coveredstatements="0" elements="32" coveredelements="0"/>
    </file>
    <file name="C:\laragon\www\ummuzayn\app\Http\Controllers\API\ProductVariationTypeController.php">
      <class name="App\Http\Controllers\API\ProductVariationTypeController" namespace="global">
        <metrics complexity="8" methods="6" coveredmethods="0" conditionals="0" coveredconditionals="0" statements="26" coveredstatements="0" elements="32" coveredelements="0"/>
      </class>
      <line num="17" type="method" name="scopes" visibility="protected" complexity="1" crap="2" count="0"/>
      <line num="19" type="stmt" count="0"/>
      <line num="27" type="method" name="index" visibility="public" complexity="3" crap="12" count="0"/>
      <line num="29" type="stmt" count="0"/>
      <line num="30" type="stmt" count="0"/>
      <line num="31" type="stmt" count="0"/>
      <line num="34" type="stmt" count="0"/>
      <line num="35" type="stmt" count="0"/>
      <line num="36" type="stmt" count="0"/>
      <line num="37" type="stmt" count="0"/>
      <line num="40" type="stmt" count="0"/>
      <line num="43" type="stmt" count="0"/>
      <line num="52" type="method" name="store" visibility="public" complexity="1" crap="2" count="0"/>
      <line num="54" type="stmt" count="0"/>
      <line num="55" type="stmt" count="0"/>
      <line num="56" type="stmt" count="0"/>
      <line num="61" type="stmt" count="0"/>
      <line num="70" type="method" name="show" visibility="public" complexity="1" crap="2" count="0"/>
      <line num="72" type="stmt" count="0"/>
      <line num="82" type="method" name="update" visibility="public" complexity="1" crap="2" count="0"/>
      <line num="84" type="stmt" count="0"/>
      <line num="85" type="stmt" count="0"/>
      <line num="88" type="stmt" count="0"/>
      <line num="89" type="stmt" count="0"/>
      <line num="90" type="stmt" count="0"/>
      <line num="92" type="stmt" count="0"/>
      <line num="101" type="method" name="destroy" visibility="public" complexity="1" crap="2" count="0"/>
      <line num="103" type="stmt" count="0"/>
      <line num="105" type="stmt" count="0"/>
      <line num="106" type="stmt" count="0"/>
      <line num="107" type="stmt" count="0"/>
      <line num="109" type="stmt" count="0"/>
      <metrics loc="111" ncloc="76" classes="1" methods="6" coveredmethods="0" conditionals="0" coveredconditionals="0" statements="26" coveredstatements="0" elements="32" coveredelements="0"/>
    </file>
    <file name="C:\laragon\www\ummuzayn\app\Http\Controllers\API\ProvinceController.php">
      <class name="App\Http\Controllers\API\ProvinceController" namespace="global">
        <metrics complexity="8" methods="6" coveredmethods="0" conditionals="0" coveredconditionals="0" statements="31" coveredstatements="0" elements="37" coveredelements="0"/>
      </class>
      <line num="18" type="method" name="scopes" visibility="protected" complexity="1" crap="2" count="0"/>
      <line num="20" type="stmt" count="0"/>
      <line num="28" type="method" name="index" visibility="public" complexity="3" crap="12" count="0"/>
      <line num="30" type="stmt" count="0"/>
      <line num="31" type="stmt" count="0"/>
      <line num="32" type="stmt" count="0"/>
      <line num="35" type="stmt" count="0"/>
      <line num="36" type="stmt" count="0"/>
      <line num="37" type="stmt" count="0"/>
      <line num="38" type="stmt" count="0"/>
      <line num="41" type="stmt" count="0"/>
      <line num="44" type="stmt" count="0"/>
      <line num="46" type="stmt" count="0"/>
      <line num="55" type="method" name="store" visibility="public" complexity="1" crap="2" count="0"/>
      <line num="57" type="stmt" count="0"/>
      <line num="58" type="stmt" count="0"/>
      <line num="59" type="stmt" count="0"/>
      <line num="63" type="stmt" count="0"/>
      <line num="65" type="stmt" count="0"/>
      <line num="67" type="stmt" count="0"/>
      <line num="76" type="method" name="show" visibility="public" complexity="1" crap="2" count="0"/>
      <line num="78" type="stmt" count="0"/>
      <line num="88" type="method" name="update" visibility="public" complexity="1" crap="2" count="0"/>
      <line num="90" type="stmt" count="0"/>
      <line num="91" type="stmt" count="0"/>
      <line num="94" type="stmt" count="0"/>
      <line num="96" type="stmt" count="0"/>
      <line num="97" type="stmt" count="0"/>
      <line num="98" type="stmt" count="0"/>
      <line num="100" type="stmt" count="0"/>
      <line num="109" type="method" name="destroy" visibility="public" complexity="1" crap="2" count="0"/>
      <line num="111" type="stmt" count="0"/>
      <line num="113" type="stmt" count="0"/>
      <line num="115" type="stmt" count="0"/>
      <line num="116" type="stmt" count="0"/>
      <line num="117" type="stmt" count="0"/>
      <line num="119" type="stmt" count="0"/>
      <metrics loc="121" ncloc="86" classes="1" methods="6" coveredmethods="0" conditionals="0" coveredconditionals="0" statements="31" coveredstatements="0" elements="37" coveredelements="0"/>
    </file>
    <file name="C:\laragon\www\ummuzayn\app\Http\Controllers\API\SubdistrictController.php">
      <class name="App\Http\Controllers\API\SubdistrictController" namespace="global">
        <metrics complexity="8" methods="6" coveredmethods="0" conditionals="0" coveredconditionals="0" statements="31" coveredstatements="0" elements="37" coveredelements="0"/>
      </class>
      <line num="19" type="method" name="scopes" visibility="protected" complexity="1" crap="2" count="0"/>
      <line num="22" type="stmt" count="0"/>
      <line num="31" type="method" name="index" visibility="public" complexity="3" crap="12" count="0"/>
      <line num="33" type="stmt" count="0"/>
      <line num="34" type="stmt" count="0"/>
      <line num="35" type="stmt" count="0"/>
      <line num="38" type="stmt" count="0"/>
      <line num="39" type="stmt" count="0"/>
      <line num="40" type="stmt" count="0"/>
      <line num="41" type="stmt" count="0"/>
      <line num="44" type="stmt" count="0"/>
      <line num="47" type="stmt" count="0"/>
      <line num="49" type="stmt" count="0"/>
      <line num="58" type="method" name="store" visibility="public" complexity="1" crap="2" count="0"/>
      <line num="60" type="stmt" count="0"/>
      <line num="61" type="stmt" count="0"/>
      <line num="62" type="stmt" count="0"/>
      <line num="67" type="stmt" count="0"/>
      <line num="69" type="stmt" count="0"/>
      <line num="78" type="method" name="show" visibility="public" complexity="1" crap="2" count="0"/>
      <line num="80" type="stmt" count="0"/>
      <line num="81" type="stmt" count="0"/>
      <line num="92" type="method" name="update" visibility="public" complexity="1" crap="2" count="0"/>
      <line num="94" type="stmt" count="0"/>
      <line num="95" type="stmt" count="0"/>
      <line num="98" type="stmt" count="0"/>
      <line num="100" type="stmt" count="0"/>
      <line num="101" type="stmt" count="0"/>
      <line num="102" type="stmt" count="0"/>
      <line num="104" type="stmt" count="0"/>
      <line num="113" type="method" name="destroy" visibility="public" complexity="1" crap="2" count="0"/>
      <line num="115" type="stmt" count="0"/>
      <line num="117" type="stmt" count="0"/>
      <line num="119" type="stmt" count="0"/>
      <line num="120" type="stmt" count="0"/>
      <line num="121" type="stmt" count="0"/>
      <line num="123" type="stmt" count="0"/>
      <metrics loc="125" ncloc="90" classes="1" methods="6" coveredmethods="0" conditionals="0" coveredconditionals="0" statements="31" coveredstatements="0" elements="37" coveredelements="0"/>
    </file>
    <file name="C:\laragon\www\ummuzayn\app\Http\Controllers\Auth\ConfirmPasswordController.php">
      <class name="App\Http\Controllers\Auth\ConfirmPasswordController" namespace="global">
        <metrics complexity="1" methods="1" coveredmethods="0" conditionals="0" coveredconditionals="0" statements="2" coveredstatements="0" elements="3" coveredelements="0"/>
      </class>
      <line num="36" type="method" name="__construct" visibility="public" complexity="1" crap="2" count="0"/>
      <line num="38" type="stmt" count="0"/>
      <line num="39" type="stmt" count="0"/>
      <metrics loc="40" ncloc="20" classes="1" methods="1" coveredmethods="0" conditionals="0" coveredconditionals="0" statements="2" coveredstatements="0" elements="3" coveredelements="0"/>
    </file>
    <file name="C:\laragon\www\ummuzayn\app\Http\Controllers\Auth\ForgotPasswordController.php">
      <class name="App\Http\Controllers\Auth\ForgotPasswordController" namespace="global">
        <metrics complexity="0" methods="0" coveredmethods="0" conditionals="0" coveredconditionals="0" statements="0" coveredstatements="0" elements="0" coveredelements="0"/>
      </class>
      <metrics loc="22" ncloc="12" classes="0" methods="0" coveredmethods="0" conditionals="0" coveredconditionals="0" statements="0" coveredstatements="0" elements="0" coveredelements="0"/>
    </file>
    <file name="C:\laragon\www\ummuzayn\app\Http\Controllers\Auth\LoginController.php">
      <class name="App\Http\Controllers\Auth\LoginController" namespace="global">
        <metrics complexity="2" methods="2" coveredmethods="0" conditionals="0" coveredconditionals="0" statements="3" coveredstatements="0" elements="5" coveredelements="0"/>
      </class>
      <line num="37" type="method" name="__construct" visibility="public" complexity="1" crap="2" count="0"/>
      <line num="39" type="stmt" count="0"/>
      <line num="40" type="stmt" count="0"/>
      <line num="42" type="method" name="guard" visibility="protected" complexity="1" crap="2" count="0"/>
      <line num="44" type="stmt" count="0"/>
      <metrics loc="46" ncloc="26" classes="1" methods="2" coveredmethods="0" conditionals="0" coveredconditionals="0" statements="3" coveredstatements="0" elements="5" coveredelements="0"/>
    </file>
    <file name="C:\laragon\www\ummuzayn\app\Http\Controllers\Auth\RegisterController.php">
      <class name="App\Http\Controllers\Auth\RegisterController" namespace="global">
        <metrics complexity="4" methods="4" coveredmethods="0" conditionals="0" coveredconditionals="0" statements="9" coveredstatements="0" elements="13" coveredelements="0"/>
      </class>
      <line num="40" type="method" name="__construct" visibility="public" complexity="1" crap="2" count="0"/>
      <line num="42" type="stmt" count="0"/>
      <line num="43" type="stmt" count="0"/>
      <line num="45" type="method" name="guard" visibility="protected" complexity="1" crap="2" count="0"/>
      <line num="47" type="stmt" count="0"/>
      <line num="56" type="method" name="validator" visibility="protected" complexity="1" crap="2" count="0"/>
      <line num="58" type="stmt" count="0"/>
      <line num="59" type="stmt" count="0"/>
      <line num="71" type="method" name="create" visibility="protected" complexity="1" crap="2" count="0"/>
      <line num="73" type="stmt" count="0"/>
      <line num="74" type="stmt" count="0"/>
      <line num="75" type="stmt" count="0"/>
      <line num="76" type="stmt" count="0"/>
      <metrics loc="79" ncloc="47" classes="1" methods="4" coveredmethods="0" conditionals="0" coveredconditionals="0" statements="9" coveredstatements="0" elements="13" coveredelements="0"/>
    </file>
    <file name="C:\laragon\www\ummuzayn\app\Http\Controllers\Auth\ResetPasswordController.php">
      <class name="App\Http\Controllers\Auth\ResetPasswordController" namespace="global">
        <metrics complexity="0" methods="0" coveredmethods="0" conditionals="0" coveredconditionals="0" statements="0" coveredstatements="0" elements="0" coveredelements="0"/>
      </class>
      <metrics loc="30" ncloc="15" classes="0" methods="0" coveredmethods="0" conditionals="0" coveredconditionals="0" statements="0" coveredstatements="0" elements="0" coveredelements="0"/>
    </file>
    <file name="C:\laragon\www\ummuzayn\app\Http\Controllers\Auth\VerificationController.php">
      <class name="App\Http\Controllers\Auth\VerificationController" namespace="global">
        <metrics complexity="1" methods="1" coveredmethods="0" conditionals="0" coveredconditionals="0" statements="4" coveredstatements="0" elements="5" coveredelements="0"/>
      </class>
      <line num="36" type="method" name="__construct" visibility="public" complexity="1" crap="2" count="0"/>
      <line num="38" type="stmt" count="0"/>
      <line num="39" type="stmt" count="0"/>
      <line num="40" type="stmt" count="0"/>
      <line num="41" type="stmt" count="0"/>
      <metrics loc="42" ncloc="22" classes="1" methods="1" coveredmethods="0" conditionals="0" coveredconditionals="0" statements="4" coveredstatements="0" elements="5" coveredelements="0"/>
    </file>
    <file name="C:\laragon\www\ummuzayn\app\Http\Controllers\Controller.php">
      <class name="App\Http\Controllers\Controller" namespace="global">
        <metrics complexity="0" methods="0" coveredmethods="0" conditionals="0" coveredconditionals="0" statements="0" coveredstatements="0" elements="0" coveredelements="0"/>
      </class>
      <metrics loc="13" ncloc="13" classes="0" methods="0" coveredmethods="0" conditionals="0" coveredconditionals="0" statements="0" coveredstatements="0" elements="0" coveredelements="0"/>
    </file>
    <file name="C:\laragon\www\ummuzayn\app\Http\Controllers\HomeController.php">
      <class name="App\Http\Controllers\HomeController" namespace="global">
        <metrics complexity="2" methods="2" coveredmethods="0" conditionals="0" coveredconditionals="0" statements="3" coveredstatements="0" elements="5" coveredelements="0"/>
      </class>
      <line num="14" type="method" name="__construct" visibility="public" complexity="1" crap="2" count="0"/>
      <line num="16" type="stmt" count="0"/>
      <line num="17" type="stmt" count="0"/>
      <line num="24" type="method" name="index" visibility="public" complexity="1" crap="2" count="0"/>
      <line num="26" type="stmt" count="0"/>
      <metrics loc="28" ncloc="18" classes="1" methods="2" coveredmethods="0" conditionals="0" coveredconditionals="0" statements="3" coveredstatements="0" elements="5" coveredelements="0"/>
    </file>
    <file name="C:\laragon\www\ummuzayn\app\Http\Controllers\Traits\CurrentAuth.php">
      <class name="App\Http\Controllers\Traits\CurrentAuth" namespace="global">
        <metrics complexity="3" methods="2" coveredmethods="0" conditionals="0" coveredconditionals="0" statements="5" coveredstatements="0" elements="7" coveredelements="0"/>
      </class>
      <line num="17" type="method" name="logout" visibility="public" complexity="1" crap="2" count="0"/>
      <line num="19" type="stmt" count="0"/>
      <line num="20" type="stmt" count="0"/>
      <line num="27" type="method" name="me" visibility="public" complexity="2" crap="6" count="0"/>
      <line num="29" type="stmt" count="0"/>
      <line num="30" type="stmt" count="0"/>
      <line num="33" type="stmt" count="0"/>
      <metrics loc="35" ncloc="25" classes="1" methods="2" coveredmethods="0" conditionals="0" coveredconditionals="0" statements="5" coveredstatements="0" elements="7" coveredelements="0"/>
    </file>
    <file name="C:\laragon\www\ummuzayn\app\Http\Kernel.php">
      <class name="App\Http\Kernel" namespace="global">
        <metrics complexity="0" methods="0" coveredmethods="0" conditionals="0" coveredconditionals="0" statements="0" coveredstatements="0" elements="0" coveredelements="0"/>
      </class>
      <metrics loc="84" ncloc="57" classes="0" methods="0" coveredmethods="0" conditionals="0" coveredconditionals="0" statements="0" coveredstatements="0" elements="0" coveredelements="0"/>
    </file>
    <file name="C:\laragon\www\ummuzayn\app\Http\Middleware\AssignGuard.php">
      <class name="App\Http\Middleware\AssignGuard" namespace="global">
        <metrics complexity="2" methods="1" coveredmethods="0" conditionals="0" coveredconditionals="0" statements="3" coveredstatements="0" elements="4" coveredelements="0"/>
      </class>
      <line num="16" type="method" name="handle" visibility="public" complexity="2" crap="6" count="0"/>
      <line num="18" type="stmt" count="0"/>
      <line num="19" type="stmt" count="0"/>
      <line num="21" type="stmt" count="0"/>
      <metrics loc="23" ncloc="16" classes="1" methods="1" coveredmethods="0" conditionals="0" coveredconditionals="0" statements="3" coveredstatements="0" elements="4" coveredelements="0"/>
    </file>
    <file name="C:\laragon\www\ummuzayn\app\Http\Middleware\Authenticate.php">
      <class name="App\Http\Middleware\Authenticate" namespace="global">
        <metrics complexity="2" methods="1" coveredmethods="0" conditionals="0" coveredconditionals="0" statements="3" coveredstatements="0" elements="4" coveredelements="0"/>
      </class>
      <line num="15" type="method" name="redirectTo" visibility="protected" complexity="2" crap="6" count="0"/>
      <line num="17" type="stmt" count="0"/>
      <line num="18" type="stmt" count="0"/>
      <line num="20" type="stmt" count="0"/>
      <metrics loc="21" ncloc="15" classes="1" methods="1" coveredmethods="0" conditionals="0" coveredconditionals="0" statements="3" coveredstatements="0" elements="4" coveredelements="0"/>
    </file>
    <file name="C:\laragon\www\ummuzayn\app\Http\Middleware\CheckForMaintenanceMode.php">
      <class name="App\Http\Middleware\CheckForMaintenanceMode" namespace="global">
        <metrics complexity="0" methods="0" coveredmethods="0" conditionals="0" coveredconditionals="0" statements="0" coveredstatements="0" elements="0" coveredelements="0"/>
      </class>
      <metrics loc="17" ncloc="12" classes="0" methods="0" coveredmethods="0" conditionals="0" coveredconditionals="0" statements="0" coveredstatements="0" elements="0" coveredelements="0"/>
    </file>
    <file name="C:\laragon\www\ummuzayn\app\Http\Middleware\EncryptCookies.php">
      <class name="App\Http\Middleware\EncryptCookies" namespace="global">
        <metrics complexity="0" methods="0" coveredmethods="0" conditionals="0" coveredconditionals="0" statements="0" coveredstatements="0" elements="0" coveredelements="0"/>
      </class>
      <metrics loc="17" ncloc="12" classes="0" methods="0" coveredmethods="0" conditionals="0" coveredconditionals="0" statements="0" coveredstatements="0" elements="0" coveredelements="0"/>
    </file>
    <file name="C:\laragon\www\ummuzayn\app\Http\Middleware\RedirectIfAuthenticated.php">
      <class name="App\Http\Middleware\RedirectIfAuthenticated" namespace="global">
        <metrics complexity="2" methods="1" coveredmethods="0" conditionals="0" coveredconditionals="0" statements="3" coveredstatements="0" elements="4" coveredelements="0"/>
      </class>
      <line num="19" type="method" name="handle" visibility="public" complexity="2" crap="6" count="0"/>
      <line num="21" type="stmt" count="0"/>
      <line num="22" type="stmt" count="0"/>
      <line num="25" type="stmt" count="0"/>
      <metrics loc="27" ncloc="19" classes="1" methods="1" coveredmethods="0" conditionals="0" coveredconditionals="0" statements="3" coveredstatements="0" elements="4" coveredelements="0"/>
    </file>
    <file name="C:\laragon\www\ummuzayn\app\Http\Middleware\TrimStrings.php">
      <class name="App\Http\Middleware\TrimStrings" namespace="global">
        <metrics complexity="0" methods="0" coveredmethods="0" conditionals="0" coveredconditionals="0" statements="0" coveredstatements="0" elements="0" coveredelements="0"/>
      </class>
      <metrics loc="18" ncloc="13" classes="0" methods="0" coveredmethods="0" conditionals="0" coveredconditionals="0" statements="0" coveredstatements="0" elements="0" coveredelements="0"/>
    </file>
    <file name="C:\laragon\www\ummuzayn\app\Http\Middleware\TrustProxies.php">
      <class name="App\Http\Middleware\TrustProxies" namespace="global">
        <metrics complexity="0" methods="0" coveredmethods="0" conditionals="0" coveredconditionals="0" statements="0" coveredstatements="0" elements="0" coveredelements="0"/>
      </class>
      <metrics loc="23" ncloc="13" classes="0" methods="0" coveredmethods="0" conditionals="0" coveredconditionals="0" statements="0" coveredstatements="0" elements="0" coveredelements="0"/>
    </file>
    <file name="C:\laragon\www\ummuzayn\app\Http\Middleware\VerifyCsrfToken.php">
      <class name="App\Http\Middleware\VerifyCsrfToken" namespace="global">
        <metrics complexity="0" methods="0" coveredmethods="0" conditionals="0" coveredconditionals="0" statements="0" coveredstatements="0" elements="0" coveredelements="0"/>
      </class>
      <metrics loc="24" ncloc="14" classes="0" methods="0" coveredmethods="0" conditionals="0" coveredconditionals="0" statements="0" coveredstatements="0" elements="0" coveredelements="0"/>
    </file>
    <file name="C:\laragon\www\ummuzayn\app\Http\Requests\AuthCustomer\ConfirmPasswordRequest.php">
      <class name="App\Http\Requests\AuthCustomer\ConfirmPasswordRequest" namespace="global">
        <metrics complexity="2" methods="2" coveredmethods="0" conditionals="0" coveredconditionals="0" statements="2" coveredstatements="0" elements="4" coveredelements="0"/>
      </class>
      <line num="14" type="method" name="authorize" visibility="public" complexity="1" crap="2" count="0"/>
      <line num="16" type="stmt" count="0"/>
      <line num="24" type="method" name="rules" visibility="public" complexity="1" crap="2" count="0"/>
      <line num="27" type="stmt" count="0"/>
      <metrics loc="32" ncloc="22" classes="1" methods="2" coveredmethods="0" conditionals="0" coveredconditionals="0" statements="2" coveredstatements="0" elements="4" coveredelements="0"/>
    </file>
    <file name="C:\laragon\www\ummuzayn\app\Http\Requests\AuthCustomer\ForgotRequest.php">
      <class name="App\Http\Requests\AuthCustomer\ForgotRequest" namespace="global">
        <metrics complexity="2" methods="2" coveredmethods="0" conditionals="0" coveredconditionals="0" statements="2" coveredstatements="0" elements="4" coveredelements="0"/>
      </class>
      <line num="14" type="method" name="authorize" visibility="public" complexity="1" crap="2" count="0"/>
      <line num="16" type="stmt" count="0"/>
      <line num="24" type="method" name="rules" visibility="public" complexity="1" crap="2" count="0"/>
      <line num="27" type="stmt" count="0"/>
      <metrics loc="30" ncloc="20" classes="1" methods="2" coveredmethods="0" conditionals="0" coveredconditionals="0" statements="2" coveredstatements="0" elements="4" coveredelements="0"/>
    </file>
    <file name="C:\laragon\www\ummuzayn\app\Http\Requests\Auth\ConfirmPasswordRequest.php">
      <class name="App\Http\Requests\Auth\ConfirmPasswordRequest" namespace="global">
        <metrics complexity="2" methods="2" coveredmethods="0" conditionals="0" coveredconditionals="0" statements="2" coveredstatements="0" elements="4" coveredelements="0"/>
      </class>
      <line num="14" type="method" name="authorize" visibility="public" complexity="1" crap="2" count="0"/>
      <line num="16" type="stmt" count="0"/>
      <line num="24" type="method" name="rules" visibility="public" complexity="1" crap="2" count="0"/>
      <line num="27" type="stmt" count="0"/>
      <metrics loc="32" ncloc="22" classes="1" methods="2" coveredmethods="0" conditionals="0" coveredconditionals="0" statements="2" coveredstatements="0" elements="4" coveredelements="0"/>
    </file>
    <file name="C:\laragon\www\ummuzayn\app\Http\Requests\Auth\RegisterRequest.php">
      <class name="App\Http\Requests\Auth\RegisterRequest" namespace="global">
        <metrics complexity="2" methods="2" coveredmethods="0" conditionals="0" coveredconditionals="0" statements="2" coveredstatements="0" elements="4" coveredelements="0"/>
      </class>
      <line num="14" type="method" name="authorize" visibility="public" complexity="1" crap="2" count="0"/>
      <line num="16" type="stmt" count="0"/>
      <line num="24" type="method" name="rules" visibility="public" complexity="1" crap="2" count="0"/>
      <line num="27" type="stmt" count="0"/>
      <metrics loc="32" ncloc="22" classes="1" methods="2" coveredmethods="0" conditionals="0" coveredconditionals="0" statements="2" coveredstatements="0" elements="4" coveredelements="0"/>
    </file>
    <file name="C:\laragon\www\ummuzayn\app\Http\Requests\CustomerTypeStoreRequest.php">
      <class name="App\Http\Requests\CustomerTypeStoreRequest" namespace="global">
        <metrics complexity="2" methods="2" coveredmethods="0" conditionals="0" coveredconditionals="0" statements="2" coveredstatements="0" elements="4" coveredelements="0"/>
      </class>
      <line num="14" type="method" name="authorize" visibility="public" complexity="1" crap="2" count="0"/>
      <line num="16" type="stmt" count="0"/>
      <line num="24" type="method" name="rules" visibility="public" complexity="1" crap="2" count="0"/>
      <line num="27" type="stmt" count="0"/>
      <metrics loc="31" ncloc="21" classes="1" methods="2" coveredmethods="0" conditionals="0" coveredconditionals="0" statements="2" coveredstatements="0" elements="4" coveredelements="0"/>
    </file>
    <file name="C:\laragon\www\ummuzayn\app\Http\Requests\CustomerTypeUpdateRequest.php">
      <class name="App\Http\Requests\CustomerTypeUpdateRequest" namespace="global">
        <metrics complexity="2" methods="2" coveredmethods="0" conditionals="0" coveredconditionals="0" statements="3" coveredstatements="0" elements="5" coveredelements="0"/>
      </class>
      <line num="14" type="method" name="authorize" visibility="public" complexity="1" crap="2" count="0"/>
      <line num="16" type="stmt" count="0"/>
      <line num="24" type="method" name="rules" visibility="public" complexity="1" crap="2" count="0"/>
      <line num="27" type="stmt" count="0"/>
      <line num="28" type="stmt" count="0"/>
      <metrics loc="31" ncloc="21" classes="1" methods="2" coveredmethods="0" conditionals="0" coveredconditionals="0" statements="3" coveredstatements="0" elements="5" coveredelements="0"/>
    </file>
    <file name="C:\laragon\www\ummuzayn\app\Http\Requests\ProductCategoryStoreRequest.php">
      <class name="App\Http\Requests\ProductCategoryStoreRequest" namespace="global">
        <metrics complexity="2" methods="2" coveredmethods="0" conditionals="0" coveredconditionals="0" statements="2" coveredstatements="0" elements="4" coveredelements="0"/>
      </class>
      <line num="14" type="method" name="authorize" visibility="public" complexity="1" crap="2" count="0"/>
      <line num="16" type="stmt" count="0"/>
      <line num="24" type="method" name="rules" visibility="public" complexity="1" crap="2" count="0"/>
      <line num="27" type="stmt" count="0"/>
      <metrics loc="32" ncloc="22" classes="1" methods="2" coveredmethods="0" conditionals="0" coveredconditionals="0" statements="2" coveredstatements="0" elements="4" coveredelements="0"/>
    </file>
    <file name="C:\laragon\www\ummuzayn\app\Http\Requests\ProductCategoryUpdateRequest.php">
      <class name="App\Http\Requests\ProductCategoryUpdateRequest" namespace="global">
        <metrics complexity="2" methods="2" coveredmethods="0" conditionals="0" coveredconditionals="0" statements="4" coveredstatements="0" elements="6" coveredelements="0"/>
      </class>
      <line num="14" type="method" name="authorize" visibility="public" complexity="1" crap="2" count="0"/>
      <line num="16" type="stmt" count="0"/>
      <line num="24" type="method" name="rules" visibility="public" complexity="1" crap="2" count="0"/>
      <line num="27" type="stmt" count="0"/>
      <line num="28" type="stmt" count="0"/>
      <line num="29" type="stmt" count="0"/>
      <metrics loc="32" ncloc="22" classes="1" methods="2" coveredmethods="0" conditionals="0" coveredconditionals="0" statements="4" coveredstatements="0" elements="6" coveredelements="0"/>
    </file>
    <file name="C:\laragon\www\ummuzayn\app\Http\Requests\ProductImageRequest.php">
      <class name="App\Http\Requests\ProductImageRequest" namespace="global">
        <metrics complexity="2" methods="2" coveredmethods="0" conditionals="0" coveredconditionals="0" statements="2" coveredstatements="0" elements="4" coveredelements="0"/>
      </class>
      <line num="14" type="method" name="authorize" visibility="public" complexity="1" crap="2" count="0"/>
      <line num="16" type="stmt" count="0"/>
      <line num="24" type="method" name="rules" visibility="public" complexity="1" crap="2" count="0"/>
      <line num="27" type="stmt" count="0"/>
      <metrics loc="33" ncloc="23" classes="1" methods="2" coveredmethods="0" conditionals="0" coveredconditionals="0" statements="2" coveredstatements="0" elements="4" coveredelements="0"/>
    </file>
    <file name="C:\laragon\www\ummuzayn\app\Http\Requests\ProductStatusStoreRequest.php">
      <class name="App\Http\Requests\ProductStatusStoreRequest" namespace="global">
        <metrics complexity="2" methods="2" coveredmethods="0" conditionals="0" coveredconditionals="0" statements="2" coveredstatements="0" elements="4" coveredelements="0"/>
      </class>
      <line num="14" type="method" name="authorize" visibility="public" complexity="1" crap="2" count="0"/>
      <line num="16" type="stmt" count="0"/>
      <line num="24" type="method" name="rules" visibility="public" complexity="1" crap="2" count="0"/>
      <line num="27" type="stmt" count="0"/>
      <metrics loc="31" ncloc="21" classes="1" methods="2" coveredmethods="0" conditionals="0" coveredconditionals="0" statements="2" coveredstatements="0" elements="4" coveredelements="0"/>
    </file>
    <file name="C:\laragon\www\ummuzayn\app\Http\Requests\ProductStatusUpdateRequest.php">
      <class name="App\Http\Requests\ProductStatusUpdateRequest" namespace="global">
        <metrics complexity="2" methods="2" coveredmethods="0" conditionals="0" coveredconditionals="0" statements="3" coveredstatements="0" elements="5" coveredelements="0"/>
      </class>
      <line num="14" type="method" name="authorize" visibility="public" complexity="1" crap="2" count="0"/>
      <line num="16" type="stmt" count="0"/>
      <line num="24" type="method" name="rules" visibility="public" complexity="1" crap="2" count="0"/>
      <line num="27" type="stmt" count="0"/>
      <line num="28" type="stmt" count="0"/>
      <metrics loc="31" ncloc="21" classes="1" methods="2" coveredmethods="0" conditionals="0" coveredconditionals="0" statements="3" coveredstatements="0" elements="5" coveredelements="0"/>
    </file>
    <file name="C:\laragon\www\ummuzayn\app\Http\Resources\API\CityResource.php">
      <class name="App\Http\Resources\API\CityResource" namespace="global">
        <metrics complexity="1" methods="1" coveredmethods="0" conditionals="0" coveredconditionals="0" statements="7" coveredstatements="0" elements="8" coveredelements="0"/>
      </class>
      <line num="17" type="method" name="toArray" visibility="public" complexity="1" crap="2" count="0"/>
      <line num="20" type="stmt" count="0"/>
      <line num="21" type="stmt" count="0"/>
      <line num="22" type="stmt" count="0"/>
      <line num="23" type="stmt" count="0"/>
      <line num="24" type="stmt" count="0"/>
      <line num="25" type="stmt" count="0"/>
      <line num="26" type="stmt" count="0"/>
      <metrics loc="29" ncloc="23" classes="1" methods="1" coveredmethods="0" conditionals="0" coveredconditionals="0" statements="7" coveredstatements="0" elements="8" coveredelements="0"/>
    </file>
    <file name="C:\laragon\www\ummuzayn\app\Http\Resources\API\Customer\CustomerAddressResource.php">
      <class name="App\Http\Resources\API\Customer\CustomerAddressResource" namespace="global">
        <metrics complexity="2" methods="1" coveredmethods="0" conditionals="0" coveredconditionals="0" statements="9" coveredstatements="0" elements="10" coveredelements="0"/>
      </class>
      <line num="16" type="method" name="toArray" visibility="public" complexity="2" crap="6" count="0"/>
      <line num="18" type="stmt" count="0"/>
      <line num="19" type="stmt" count="0"/>
      <line num="23" type="stmt" count="0"/>
      <line num="24" type="stmt" count="0"/>
      <line num="25" type="stmt" count="0"/>
      <line num="26" type="stmt" count="0"/>
      <line num="27" type="stmt" count="0"/>
      <line num="28" type="stmt" count="0"/>
      <line num="29" type="stmt" count="0"/>
      <metrics loc="32" ncloc="26" classes="1" methods="1" coveredmethods="0" conditionals="0" coveredconditionals="0" statements="9" coveredstatements="0" elements="10" coveredelements="0"/>
    </file>
    <file name="C:\laragon\www\ummuzayn\app\Http\Resources\API\Customer\CustomerResource.php">
      <class name="App\Http\Resources\API\Customer\CustomerResource" namespace="global">
        <metrics complexity="1" methods="1" coveredmethods="0" conditionals="0" coveredconditionals="0" statements="9" coveredstatements="0" elements="10" coveredelements="0"/>
      </class>
      <line num="17" type="method" name="toArray" visibility="public" complexity="1" crap="2" count="0"/>
      <line num="20" type="stmt" count="0"/>
      <line num="21" type="stmt" count="0"/>
      <line num="22" type="stmt" count="0"/>
      <line num="23" type="stmt" count="0"/>
      <line num="24" type="stmt" count="0"/>
      <line num="25" type="stmt" count="0"/>
      <line num="26" type="stmt" count="0"/>
      <line num="27" type="stmt" count="0"/>
      <line num="28" type="stmt" count="0"/>
      <metrics loc="31" ncloc="25" classes="1" methods="1" coveredmethods="0" conditionals="0" coveredconditionals="0" statements="9" coveredstatements="0" elements="10" coveredelements="0"/>
    </file>
    <file name="C:\laragon\www\ummuzayn\app\Http\Resources\API\Customer\CustomerTypeResource.php">
      <class name="App\Http\Resources\API\Customer\CustomerTypeResource" namespace="global">
        <metrics complexity="1" methods="1" coveredmethods="0" conditionals="0" coveredconditionals="0" statements="3" coveredstatements="0" elements="4" coveredelements="0"/>
      </class>
      <line num="15" type="method" name="toArray" visibility="public" complexity="1" crap="2" count="0"/>
      <line num="18" type="stmt" count="0"/>
      <line num="19" type="stmt" count="0"/>
      <line num="20" type="stmt" count="0"/>
      <metrics loc="23" ncloc="17" classes="1" methods="1" coveredmethods="0" conditionals="0" coveredconditionals="0" statements="3" coveredstatements="0" elements="4" coveredelements="0"/>
    </file>
    <file name="C:\laragon\www\ummuzayn\app\Http\Resources\API\LoginAdminResource.php">
      <class name="App\Http\Resources\API\LoginAdminResource" namespace="global">
        <metrics complexity="1" methods="1" coveredmethods="0" conditionals="0" coveredconditionals="0" statements="5" coveredstatements="0" elements="6" coveredelements="0"/>
      </class>
      <line num="15" type="method" name="toArray" visibility="public" complexity="1" crap="2" count="0"/>
      <line num="18" type="stmt" count="0"/>
      <line num="19" type="stmt" count="0"/>
      <line num="20" type="stmt" count="0"/>
      <line num="21" type="stmt" count="0"/>
      <line num="22" type="stmt" count="0"/>
      <metrics loc="25" ncloc="19" classes="1" methods="1" coveredmethods="0" conditionals="0" coveredconditionals="0" statements="5" coveredstatements="0" elements="6" coveredelements="0"/>
    </file>
    <file name="C:\laragon\www\ummuzayn\app\Http\Resources\API\LoginCustomerResource.php">
      <class name="App\Http\Resources\API\LoginCustomerResource" namespace="global">
        <metrics complexity="1" methods="1" coveredmethods="0" conditionals="0" coveredconditionals="0" statements="5" coveredstatements="0" elements="6" coveredelements="0"/>
      </class>
      <line num="15" type="method" name="toArray" visibility="public" complexity="1" crap="2" count="0"/>
      <line num="18" type="stmt" count="0"/>
      <line num="19" type="stmt" count="0"/>
      <line num="20" type="stmt" count="0"/>
      <line num="21" type="stmt" count="0"/>
      <line num="22" type="stmt" count="0"/>
      <metrics loc="25" ncloc="19" classes="1" methods="1" coveredmethods="0" conditionals="0" coveredconditionals="0" statements="5" coveredstatements="0" elements="6" coveredelements="0"/>
    </file>
    <file name="C:\laragon\www\ummuzayn\app\Http\Resources\API\Product\ProductCategoryResource.php">
      <class name="App\Http\Resources\API\Product\ProductCategoryResource" namespace="global">
        <metrics complexity="1" methods="1" coveredmethods="0" conditionals="0" coveredconditionals="0" statements="5" coveredstatements="0" elements="6" coveredelements="0"/>
      </class>
      <line num="15" type="method" name="toArray" visibility="public" complexity="1" crap="2" count="0"/>
      <line num="18" type="stmt" count="0"/>
      <line num="19" type="stmt" count="0"/>
      <line num="20" type="stmt" count="0"/>
      <line num="21" type="stmt" count="0"/>
      <line num="22" type="stmt" count="0"/>
      <metrics loc="25" ncloc="19" classes="1" methods="1" coveredmethods="0" conditionals="0" coveredconditionals="0" statements="5" coveredstatements="0" elements="6" coveredelements="0"/>
    </file>
    <file name="C:\laragon\www\ummuzayn\app\Http\Resources\API\Product\ProductImageResource.php">
      <class name="App\Http\Resources\API\Product\ProductImageResource" namespace="global">
        <metrics complexity="1" methods="1" coveredmethods="0" conditionals="0" coveredconditionals="0" statements="5" coveredstatements="0" elements="6" coveredelements="0"/>
      </class>
      <line num="15" type="method" name="toArray" visibility="public" complexity="1" crap="2" count="0"/>
      <line num="18" type="stmt" count="0"/>
      <line num="19" type="stmt" count="0"/>
      <line num="20" type="stmt" count="0"/>
      <line num="21" type="stmt" count="0"/>
      <line num="22" type="stmt" count="0"/>
      <metrics loc="25" ncloc="19" classes="1" methods="1" coveredmethods="0" conditionals="0" coveredconditionals="0" statements="5" coveredstatements="0" elements="6" coveredelements="0"/>
    </file>
    <file name="C:\laragon\www\ummuzayn\app\Http\Resources\API\Product\ProductResource.php">
      <class name="App\Http\Resources\API\Product\ProductResource" namespace="global">
        <metrics complexity="1" methods="1" coveredmethods="1" conditionals="0" coveredconditionals="0" statements="9" coveredstatements="9" elements="10" coveredelements="10"/>
      </class>
      <line num="18" type="method" name="toArray" visibility="public" complexity="1" crap="1" count="1"/>
      <line num="21" type="stmt" count="1"/>
      <line num="22" type="stmt" count="1"/>
      <line num="23" type="stmt" count="1"/>
      <line num="24" type="stmt" count="1"/>
      <line num="25" type="stmt" count="1"/>
      <line num="26" type="stmt" count="1"/>
      <line num="27" type="stmt" count="1"/>
      <line num="28" type="stmt" count="1"/>
      <line num="29" type="stmt" count="1"/>
      <metrics loc="32" ncloc="26" classes="1" methods="1" coveredmethods="1" conditionals="0" coveredconditionals="0" statements="9" coveredstatements="9" elements="10" coveredelements="10"/>
    </file>
    <file name="C:\laragon\www\ummuzayn\app\Http\Resources\API\Product\ProductStatusResource.php">
      <class name="App\Http\Resources\API\Product\ProductStatusResource" namespace="global">
        <metrics complexity="1" methods="1" coveredmethods="1" conditionals="0" coveredconditionals="0" statements="4" coveredstatements="4" elements="5" coveredelements="5"/>
      </class>
      <line num="16" type="method" name="toArray" visibility="public" complexity="1" crap="1" count="1"/>
      <line num="19" type="stmt" count="1"/>
      <line num="20" type="stmt" count="1"/>
      <line num="21" type="stmt" count="1"/>
      <line num="22" type="stmt" count="1"/>
      <metrics loc="25" ncloc="19" classes="1" methods="1" coveredmethods="1" conditionals="0" coveredconditionals="0" statements="4" coveredstatements="4" elements="5" coveredelements="5"/>
    </file>
    <file name="C:\laragon\www\ummuzayn\app\Http\Resources\API\Product\ProductStockResource.php">
      <class name="App\Http\Resources\API\Product\ProductStockResource" namespace="global">
        <metrics complexity="1" methods="1" coveredmethods="0" conditionals="0" coveredconditionals="0" statements="4" coveredstatements="0" elements="5" coveredelements="0"/>
      </class>
      <line num="15" type="method" name="toArray" visibility="public" complexity="1" crap="2" count="0"/>
      <line num="18" type="stmt" count="0"/>
      <line num="19" type="stmt" count="0"/>
      <line num="20" type="stmt" count="0"/>
      <line num="21" type="stmt" count="0"/>
      <metrics loc="24" ncloc="18" classes="1" methods="1" coveredmethods="0" conditionals="0" coveredconditionals="0" statements="4" coveredstatements="0" elements="5" coveredelements="0"/>
    </file>
    <file name="C:\laragon\www\ummuzayn\app\Http\Resources\API\Product\ProductVariationResource.php">
      <class name="App\Http\Resources\API\Product\ProductVariationResource" namespace="global">
        <metrics complexity="1" methods="1" coveredmethods="0" conditionals="0" coveredconditionals="0" statements="11" coveredstatements="0" elements="12" coveredelements="0"/>
      </class>
      <line num="17" type="method" name="toArray" visibility="public" complexity="1" crap="2" count="0"/>
      <line num="20" type="stmt" count="0"/>
      <line num="21" type="stmt" count="0"/>
      <line num="22" type="stmt" count="0"/>
      <line num="23" type="stmt" count="0"/>
      <line num="24" type="stmt" count="0"/>
      <line num="25" type="stmt" count="0"/>
      <line num="26" type="stmt" count="0"/>
      <line num="27" type="stmt" count="0"/>
      <line num="28" type="stmt" count="0"/>
      <line num="29" type="stmt" count="0"/>
      <line num="30" type="stmt" count="0"/>
      <metrics loc="33" ncloc="27" classes="1" methods="1" coveredmethods="0" conditionals="0" coveredconditionals="0" statements="11" coveredstatements="0" elements="12" coveredelements="0"/>
    </file>
    <file name="C:\laragon\www\ummuzayn\app\Http\Resources\API\Product\ProductVariationTypeResource.php">
      <class name="App\Http\Resources\API\Product\ProductVariationTypeResource" namespace="global">
        <metrics complexity="1" methods="1" coveredmethods="0" conditionals="0" coveredconditionals="0" statements="3" coveredstatements="0" elements="4" coveredelements="0"/>
      </class>
      <line num="15" type="method" name="toArray" visibility="public" complexity="1" crap="2" count="0"/>
      <line num="18" type="stmt" count="0"/>
      <line num="19" type="stmt" count="0"/>
      <line num="20" type="stmt" count="0"/>
      <metrics loc="23" ncloc="17" classes="1" methods="1" coveredmethods="0" conditionals="0" coveredconditionals="0" statements="3" coveredstatements="0" elements="4" coveredelements="0"/>
    </file>
    <file name="C:\laragon\www\ummuzayn\app\Http\Resources\API\ProvinceResource.php">
      <class name="App\Http\Resources\API\ProvinceResource" namespace="global">
        <metrics complexity="1" methods="1" coveredmethods="0" conditionals="0" coveredconditionals="0" statements="4" coveredstatements="0" elements="5" coveredelements="0"/>
      </class>
      <line num="16" type="method" name="toArray" visibility="public" complexity="1" crap="2" count="0"/>
      <line num="19" type="stmt" count="0"/>
      <line num="20" type="stmt" count="0"/>
      <line num="21" type="stmt" count="0"/>
      <line num="22" type="stmt" count="0"/>
      <metrics loc="25" ncloc="19" classes="1" methods="1" coveredmethods="0" conditionals="0" coveredconditionals="0" statements="4" coveredstatements="0" elements="5" coveredelements="0"/>
    </file>
    <file name="C:\laragon\www\ummuzayn\app\Http\Resources\API\SubdistrictResource.php">
      <class name="App\Http\Resources\API\SubdistrictResource" namespace="global">
        <metrics complexity="1" methods="1" coveredmethods="0" conditionals="0" coveredconditionals="0" statements="4" coveredstatements="0" elements="5" coveredelements="0"/>
      </class>
      <line num="16" type="method" name="toArray" visibility="public" complexity="1" crap="2" count="0"/>
      <line num="19" type="stmt" count="0"/>
      <line num="20" type="stmt" count="0"/>
      <line num="21" type="stmt" count="0"/>
      <line num="22" type="stmt" count="0"/>
      <metrics loc="25" ncloc="19" classes="1" methods="1" coveredmethods="0" conditionals="0" coveredconditionals="0" statements="4" coveredstatements="0" elements="5" coveredelements="0"/>
    </file>
    <file name="C:\laragon\www\ummuzayn\app\Models\Admin.php">
      <class name="App\Models\Admin" namespace="global">
        <metrics complexity="5" methods="5" coveredmethods="3" conditionals="0" coveredconditionals="0" statements="7" coveredstatements="3" elements="12" coveredelements="6"/>
      </class>
      <line num="30" type="method" name="searchableAs" visibility="public" complexity="1" crap="1" count="1"/>
      <line num="32" type="stmt" count="1"/>
      <line num="60" type="method" name="getJWTIdentifier" visibility="public" complexity="1" crap="1" count="1"/>
      <line num="62" type="stmt" count="1"/>
      <line num="70" type="method" name="getJWTCustomClaims" visibility="public" complexity="1" crap="1" count="1"/>
      <line num="72" type="stmt" count="1"/>
      <line num="80" type="method" name="ApisendEmailVerificationNotification" visibility="public" complexity="1" crap="2" count="0"/>
      <line num="82" type="stmt" count="0"/>
[...]
      </class>
      <line num="26" type="method" name="searchableAs" visibility="public" complexity="1" crap="2" count="0"/>
      <line num="28" type="stmt" count="0"/>
      <line num="34" type="method" name="product_variation" visibility="public" complexity="1" crap="2" count="0"/>
      <line num="36" type="stmt" count="0"/>
      <metrics loc="38" ncloc="25" classes="1" methods="2" coveredmethods="0" conditionals="0" coveredconditionals="0" statements="2" coveredstatements="0" elements="4" coveredelements="0"/>
    </file>
    <file name="C:\laragon\www\ummuzayn\app\Models\ProductVariation.php">
      <class name="App\Models\ProductVariation" namespace="global">
        <metrics complexity="7" methods="6" coveredmethods="0" conditionals="0" coveredconditionals="0" statements="6" coveredstatements="0" elements="12" coveredelements="0"/>
      </class>
      <line num="30" type="method" name="searchableAs" visibility="public" complexity="1" crap="2" count="0"/>
      <line num="32" type="stmt" count="0"/>
      <line num="40" type="method" name="getHasTypeAttribute" visibility="public" complexity="2" crap="6" count="0"/>
      <line num="42" type="stmt" count="0"/>
      <line num="48" type="method" name="product" visibility="public" complexity="1" crap="2" count="0"/>
      <line num="50" type="stmt" count="0"/>
      <line num="56" type="method" name="stocks" visibility="public" complexity="1" crap="2" count="0"/>
      <line num="58" type="stmt" count="0"/>
      <line num="64" type="method" name="live_stocks" visibility="public" complexity="1" crap="2" count="0"/>
      <line num="66" type="stmt" count="0"/>
      <line num="72" type="method" name="product_variation_type" visibility="public" complexity="1" crap="2" count="0"/>
      <line num="74" type="stmt" count="0"/>
      <metrics loc="76" ncloc="49" classes="1" methods="6" coveredmethods="0" conditionals="0" coveredconditionals="0" statements="6" coveredstatements="0" elements="12" coveredelements="0"/>
    </file>
    <file name="C:\laragon\www\ummuzayn\app\Models\ProductVariationType.php">
      <class name="App\Models\ProductVariationType" namespace="global">
        <metrics complexity="2" methods="2" coveredmethods="0" conditionals="0" coveredconditionals="0" statements="2" coveredstatements="0" elements="4" coveredelements="0"/>
      </class>
      <line num="28" type="method" name="searchableAs" visibility="public" complexity="1" crap="2" count="0"/>
      <line num="30" type="stmt" count="0"/>
      <line num="36" type="method" name="product_variations" visibility="public" complexity="1" crap="2" count="0"/>
      <line num="38" type="stmt" count="0"/>
      <metrics loc="40" ncloc="27" classes="1" methods="2" coveredmethods="0" conditionals="0" coveredconditionals="0" statements="2" coveredstatements="0" elements="4" coveredelements="0"/>
    </file>
    <file name="C:\laragon\www\ummuzayn\app\Models\Province.php">
      <class name="App\Models\Province" namespace="global">
        <metrics complexity="4" methods="4" coveredmethods="0" conditionals="0" coveredconditionals="0" statements="4" coveredstatements="0" elements="8" coveredelements="0"/>
      </class>
      <line num="30" type="method" name="searchableAs" visibility="public" complexity="1" crap="2" count="0"/>
      <line num="32" type="stmt" count="0"/>
      <line num="38" type="method" name="has_cities" visibility="public" complexity="1" crap="2" count="0"/>
      <line num="40" type="stmt" count="0"/>
      <line num="46" type="method" name="subdistricts" visibility="public" complexity="1" crap="2" count="0"/>
      <line num="48" type="stmt" count="0"/>
      <line num="54" type="method" name="cities" visibility="public" complexity="1" crap="2" count="0"/>
      <line num="56" type="stmt" count="0"/>
      <metrics loc="58" ncloc="39" classes="1" methods="4" coveredmethods="0" conditionals="0" coveredconditionals="0" statements="4" coveredstatements="0" elements="8" coveredelements="0"/>
    </file>
    <file name="C:\laragon\www\ummuzayn\app\Models\Subdistrict.php">
      <class name="App\Models\Subdistrict" namespace="global">
        <metrics complexity="4" methods="4" coveredmethods="0" conditionals="0" coveredconditionals="0" statements="4" coveredstatements="0" elements="8" coveredelements="0"/>
      </class>
      <line num="30" type="method" name="searchableAs" visibility="public" complexity="1" crap="2" count="0"/>
      <line num="32" type="stmt" count="0"/>
      <line num="38" type="method" name="city" visibility="public" complexity="1" crap="2" count="0"/>
      <line num="40" type="stmt" count="0"/>
      <line num="46" type="method" name="province" visibility="public" complexity="1" crap="2" count="0"/>
      <line num="48" type="stmt" count="0"/>
      <line num="54" type="method" name="customer_addresses" visibility="public" complexity="1" crap="2" count="0"/>
      <line num="56" type="stmt" count="0"/>
      <metrics loc="58" ncloc="39" classes="1" methods="4" coveredmethods="0" conditionals="0" coveredconditionals="0" statements="4" coveredstatements="0" elements="8" coveredelements="0"/>
    </file>
    <file name="C:\laragon\www\ummuzayn\app\Models\Traits\CanBeOrderable.php">
      <class name="App\Models\Traits\CanBeOrderable" namespace="global">
        <metrics complexity="1" methods="1" coveredmethods="1" conditionals="0" coveredconditionals="0" statements="2" coveredstatements="2" elements="3" coveredelements="3"/>
      </class>
      <line num="17" type="method" name="scopeOrdered" visibility="public" complexity="1" crap="1" count="1"/>
      <line num="19" type="stmt" count="1"/>
      <line num="20" type="stmt" count="1"/>
      <metrics loc="21" ncloc="13" classes="1" methods="1" coveredmethods="1" conditionals="0" coveredconditionals="0" statements="2" coveredstatements="2" elements="3" coveredelements="3"/>
    </file>
    <file name="C:\laragon\www\ummuzayn\app\Models\Traits\CanBeScoped.php">
      <class name="App\Models\Traits\CanBeScoped" namespace="global">
        <metrics complexity="1" methods="1" coveredmethods="1" conditionals="0" coveredconditionals="0" statements="1" coveredstatements="1" elements="2" coveredelements="2"/>
      </class>
      <line num="17" type="method" name="scopeWithScopes" visibility="public" complexity="1" crap="1" count="1"/>
      <line num="19" type="stmt" count="1"/>
      <metrics loc="21" ncloc="14" classes="1" methods="1" coveredmethods="1" conditionals="0" coveredconditionals="0" statements="1" coveredstatements="1" elements="2" coveredelements="2"/>
    </file>
    <file name="C:\laragon\www\ummuzayn\app\Models\Traits\IsParent.php">
      <class name="App\Models\Traits\IsParent" namespace="global">
        <metrics complexity="1" methods="1" coveredmethods="0" conditionals="0" coveredconditionals="0" statements="2" coveredstatements="0" elements="3" coveredelements="0"/>
      </class>
      <line num="16" type="method" name="scopeParents" visibility="public" complexity="1" crap="2" count="0"/>
      <line num="18" type="stmt" count="0"/>
      <line num="19" type="stmt" count="0"/>
      <metrics loc="20" ncloc="14" classes="1" methods="1" coveredmethods="0" conditionals="0" coveredconditionals="0" statements="2" coveredstatements="0" elements="3" coveredelements="0"/>
    </file>
    <file name="C:\laragon\www\ummuzayn\app\Notifications\ForgotPasswordNotification.php">
      <class name="App\Notifications\ForgotPasswordNotification" namespace="global">
        <metrics complexity="4" methods="4" coveredmethods="0" conditionals="0" coveredconditionals="0" statements="10" coveredstatements="0" elements="14" coveredelements="0"/>
      </class>
      <line num="22" type="method" name="__construct" visibility="public" complexity="1" crap="2" count="0"/>
      <line num="24" type="stmt" count="0"/>
      <line num="25" type="stmt" count="0"/>
      <line num="26" type="stmt" count="0"/>
      <line num="34" type="method" name="via" visibility="public" complexity="1" crap="2" count="0"/>
      <line num="36" type="stmt" count="0"/>
      <line num="45" type="method" name="toMail" visibility="public" complexity="1" crap="2" count="0"/>
      <line num="47" type="stmt" count="0"/>
      <line num="48" type="stmt" count="0"/>
      <line num="49" type="stmt" count="0"/>
      <line num="50" type="stmt" count="0"/>
      <line num="51" type="stmt" count="0"/>
      <line num="60" type="method" name="toArray" visibility="public" complexity="1" crap="2" count="0"/>
      <line num="64" type="stmt" count="0"/>
      <metrics loc="66" ncloc="43" classes="1" methods="4" coveredmethods="0" conditionals="0" coveredconditionals="0" statements="10" coveredstatements="0" elements="14" coveredelements="0"/>
    </file>
    <file name="C:\laragon\www\ummuzayn\app\Providers\AppServiceProvider.php">
      <class name="App\Providers\AppServiceProvider" namespace="global">
        <metrics complexity="2" methods="2" coveredmethods="2" conditionals="0" coveredconditionals="0" statements="2" coveredstatements="2" elements="4" coveredelements="4"/>
      </class>
      <line num="14" type="method" name="register" visibility="public" complexity="1" crap="1" count="1"/>
      <line num="17" type="stmt" count="1"/>
      <line num="24" type="method" name="boot" visibility="public" complexity="1" crap="1" count="1"/>
      <line num="27" type="stmt" count="1"/>
      <metrics loc="28" ncloc="18" classes="1" methods="2" coveredmethods="2" conditionals="0" coveredconditionals="0" statements="2" coveredstatements="2" elements="4" coveredelements="4"/>
    </file>
    <file name="C:\laragon\www\ummuzayn\app\Providers\AuthServiceProvider.php">
      <class name="App\Providers\AuthServiceProvider" namespace="global">
        <metrics complexity="1" methods="1" coveredmethods="1" conditionals="0" coveredconditionals="0" statements="2" coveredstatements="2" elements="3" coveredelements="3"/>
      </class>
      <line num="24" type="method" name="boot" visibility="public" complexity="1" crap="1" count="1"/>
      <line num="26" type="stmt" count="1"/>
      <line num="29" type="stmt" count="1"/>
      <metrics loc="30" ncloc="20" classes="1" methods="1" coveredmethods="1" conditionals="0" coveredconditionals="0" statements="2" coveredstatements="2" elements="3" coveredelements="3"/>
    </file>
    <file name="C:\laragon\www\ummuzayn\app\Providers\BroadcastServiceProvider.php">
      <class name="App\Providers\BroadcastServiceProvider" namespace="global">
        <metrics complexity="1" methods="1" coveredmethods="1" conditionals="0" coveredconditionals="0" statements="3" coveredstatements="3" elements="4" coveredelements="4"/>
      </class>
      <line num="15" type="method" name="boot" visibility="public" complexity="1" crap="1" count="1"/>
      <line num="17" type="stmt" count="1"/>
      <line num="19" type="stmt" count="1"/>
      <line num="20" type="stmt" count="1"/>
      <metrics loc="21" ncloc="16" classes="1" methods="1" coveredmethods="1" conditionals="0" coveredconditionals="0" statements="3" coveredstatements="3" elements="4" coveredelements="4"/>
    </file>
    <file name="C:\laragon\www\ummuzayn\app\Providers\EventServiceProvider.php">
      <class name="App\Providers\EventServiceProvider" namespace="global">
        <metrics complexity="1" methods="1" coveredmethods="1" conditionals="0" coveredconditionals="0" statements="2" coveredstatements="2" elements="3" coveredelements="3"/>
      </class>
      <line num="30" type="method" name="boot" visibility="public" complexity="1" crap="1" count="1"/>
      <line num="32" type="stmt" count="1"/>
      <line num="35" type="stmt" count="1"/>
      <metrics loc="36" ncloc="25" classes="1" methods="1" coveredmethods="1" conditionals="0" coveredconditionals="0" statements="2" coveredstatements="2" elements="3" coveredelements="3"/>
    </file>
    <file name="C:\laragon\www\ummuzayn\app\Providers\RouteServiceProvider.php">
      <class name="App\Providers\RouteServiceProvider" namespace="global">
        <metrics complexity="4" methods="4" coveredmethods="4" conditionals="0" coveredconditionals="0" statements="14" coveredstatements="14" elements="18" coveredelements="18"/>
      </class>
      <line num="31" type="method" name="boot" visibility="public" complexity="1" crap="1" count="1"/>
      <line num="35" type="stmt" count="1"/>
      <line num="36" type="stmt" count="1"/>
      <line num="43" type="method" name="map" visibility="public" complexity="1" crap="1" count="1"/>
      <line num="45" type="stmt" count="1"/>
      <line num="47" type="stmt" count="1"/>
      <line num="50" type="stmt" count="1"/>
      <line num="59" type="method" name="mapWebRoutes" visibility="protected" complexity="1" crap="1" count="1"/>
      <line num="61" type="stmt" count="1"/>
      <line num="62" type="stmt" count="1"/>
      <line num="63" type="stmt" count="1"/>
      <line num="64" type="stmt" count="1"/>
      <line num="73" type="method" name="mapApiRoutes" visibility="protected" complexity="1" crap="1" count="1"/>
      <line num="75" type="stmt" count="1"/>
      <line num="76" type="stmt" count="1"/>
      <line num="77" type="stmt" count="1"/>
      <line num="78" type="stmt" count="1"/>
      <line num="79" type="stmt" count="1"/>
      <metrics loc="80" ncloc="44" classes="1" methods="4" coveredmethods="4" conditionals="0" coveredconditionals="0" statements="14" coveredstatements="14" elements="18" coveredelements="18"/>
    </file>
    <file name="C:\laragon\www\ummuzayn\app\Scoping\Contracts\Scope.php">
      <metrics loc="10" ncloc="10" classes="0" methods="0" coveredmethods="0" conditionals="0" coveredconditionals="0" statements="0" coveredstatements="0" elements="0" coveredelements="0"/>
    </file>
    <file name="C:\laragon\www\ummuzayn\app\Scoping\Scoper.php">
      <class name="App\Scoping\Scoper" namespace="global">
        <metrics complexity="6" methods="3" coveredmethods="2" conditionals="0" coveredconditionals="0" statements="10" coveredstatements="5" elements="13" coveredelements="7"/>
      </class>
      <line num="17" type="method" name="__construct" visibility="public" complexity="1" crap="1" count="1"/>
      <line num="19" type="stmt" count="1"/>
      <line num="20" type="stmt" count="1"/>
      <line num="22" type="method" name="apply" visibility="public" complexity="4" crap="9.83" count="1"/>
      <line num="24" type="stmt" count="1"/>
      <line num="25" type="stmt" count="1"/>
      <line num="28" type="stmt" count="0"/>
      <line num="29" type="stmt" count="0"/>
      <line num="30" type="stmt" count="0"/>
      <line num="32" type="stmt" count="0"/>
      <line num="34" type="stmt" count="0"/>
      <line num="36" type="method" name="limitScopes" visibility="protected" complexity="1" crap="1" count="1"/>
      <line num="38" type="stmt" count="1"/>
      <metrics loc="40" ncloc="37" classes="1" methods="3" coveredmethods="2" conditionals="0" coveredconditionals="0" statements="10" coveredstatements="5" elements="13" coveredelements="7"/>
    </file>
    <file name="C:\laragon\www\ummuzayn\app\Scoping\Scopes\Address\CityScope.php">
      <class name="App\Scoping\Scopes\Address\CityScope" namespace="global">
        <metrics complexity="1" methods="1" coveredmethods="0" conditionals="0" coveredconditionals="0" statements="1" coveredstatements="0" elements="2" coveredelements="0"/>
      </class>
      <line num="13" type="method" name="apply" visibility="public" complexity="1" crap="2" count="0"/>
      <line num="15" type="stmt" count="0"/>
      <metrics loc="17" ncloc="14" classes="1" methods="1" coveredmethods="0" conditionals="0" coveredconditionals="0" statements="1" coveredstatements="0" elements="2" coveredelements="0"/>
    </file>
    <file name="C:\laragon\www\ummuzayn\app\Scoping\Scopes\Address\ProvinceScope.php">
      <class name="App\Scoping\Scopes\Address\ProvinceScope" namespace="global">
        <metrics complexity="1" methods="1" coveredmethods="0" conditionals="0" coveredconditionals="0" statements="1" coveredstatements="0" elements="2" coveredelements="0"/>
      </class>
      <line num="13" type="method" name="apply" visibility="public" complexity="1" crap="2" count="0"/>
      <line num="15" type="stmt" count="0"/>
      <metrics loc="17" ncloc="14" classes="1" methods="1" coveredmethods="0" conditionals="0" coveredconditionals="0" statements="1" coveredstatements="0" elements="2" coveredelements="0"/>
    </file>
    <file name="C:\laragon\www\ummuzayn\app\Scoping\Scopes\All\NameScope.php">
      <class name="App\Scoping\Scopes\All\NameScope" namespace="global">
        <metrics complexity="2" methods="1" coveredmethods="0" conditionals="0" coveredconditionals="0" statements="3" coveredstatements="0" elements="4" coveredelements="0"/>
      </class>
      <line num="13" type="method" name="apply" visibility="public" complexity="2" crap="6" count="0"/>
      <line num="15" type="stmt" count="0"/>
      <line num="16" type="stmt" count="0"/>
      <line num="18" type="stmt" count="0"/>
      <metrics loc="21" ncloc="18" classes="1" methods="1" coveredmethods="0" conditionals="0" coveredconditionals="0" statements="3" coveredstatements="0" elements="4" coveredelements="0"/>
    </file>
    <file name="C:\laragon\www\ummuzayn\app\Scoping\Scopes\All\ParentScope.php">
      <class name="App\Scoping\Scopes\All\ParentScope" namespace="global">
        <metrics complexity="2" methods="1" coveredmethods="0" conditionals="0" coveredconditionals="0" statements="3" coveredstatements="0" elements="4" coveredelements="0"/>
      </class>
      <line num="13" type="method" name="apply" visibility="public" complexity="2" crap="6" count="0"/>
      <line num="15" type="stmt" count="0"/>
      <line num="16" type="stmt" count="0"/>
      <line num="18" type="stmt" count="0"/>
      <metrics loc="20" ncloc="17" classes="1" methods="1" coveredmethods="0" conditionals="0" coveredconditionals="0" statements="3" coveredstatements="0" elements="4" coveredelements="0"/>
    </file>
    <file name="C:\laragon\www\ummuzayn\app\Scoping\Scopes\All\SizeScope.php">
      <class name="App\Scoping\Scopes\All\SizeScope" namespace="global">
        <metrics complexity="3" methods="1" coveredmethods="0" conditionals="0" coveredconditionals="0" statements="3" coveredstatements="0" elements="4" coveredelements="0"/>
      </class>
      <line num="13" type="method" name="apply" visibility="public" complexity="3" crap="12" count="0"/>
      <line num="15" type="stmt" count="0"/>
      <line num="16" type="stmt" count="0"/>
      <line num="18" type="stmt" count="0"/>
      <metrics loc="20" ncloc="17" classes="1" methods="1" coveredmethods="0" conditionals="0" coveredconditionals="0" statements="3" coveredstatements="0" elements="4" coveredelements="0"/>
    </file>
    <file name="C:\laragon\www\ummuzayn\app\Scoping\Scopes\All\TypeScope.php">
      <class name="App\Scoping\Scopes\All\TypeScope" namespace="global">
        <metrics complexity="2" methods="1" coveredmethods="0" conditionals="0" coveredconditionals="0" statements="3" coveredstatements="0" elements="4" coveredelements="0"/>
      </class>
      <line num="13" type="method" name="apply" visibility="public" complexity="2" crap="6" count="0"/>
      <line num="15" type="stmt" count="0"/>
      <line num="16" type="stmt" count="0"/>
      <line num="18" type="stmt" count="0"/>
      <metrics loc="21" ncloc="18" classes="1" methods="1" coveredmethods="0" conditionals="0" coveredconditionals="0" statements="3" coveredstatements="0" elements="4" coveredelements="0"/>
    </file>
    <metrics files="95" loc="4635" ncloc="3224" classes="85" methods="226" coveredmethods="27" conditionals="0" coveredconditionals="0" statements="712" coveredstatements="66" elements="938" coveredelements="93"/>
  </project>
</coverage>
